\BOOKMARK [0][-]{chapter*.2}{Povzetek}{}% 1
\BOOKMARK [0][-]{chapter*.3}{Abstract}{}% 2
\BOOKMARK [0][-]{chapter.1}{Uvod}{}% 3
\BOOKMARK [0][-]{chapter.2}{Leksikalna analiza}{}% 4
\BOOKMARK [0][-]{chapter.3}{Gramatika}{}% 5
\BOOKMARK [1][-]{section.3.1}{Kontekstno neodvisna gramatika}{chapter.3}% 6
\BOOKMARK [1][-]{section.3.2}{Deterministicna kontekstno neodvisna gramatika}{chapter.3}% 7
\BOOKMARK [1][-]{section.3.3}{Dvoumna gramatika}{chapter.3}% 8
\BOOKMARK [1][-]{section.3.4}{Razclenjevalno izrazna gramatika}{chapter.3}% 9
\BOOKMARK [0][-]{chapter.4}{Sintaksna analiza}{}% 10
\BOOKMARK [0][-]{chapter.5}{Vrste razclenjevalnih metod}{}% 11
\BOOKMARK [0][-]{chapter.6}{Razclenjevalniki}{}% 12
\BOOKMARK [1][-]{section.6.1}{GCC}{chapter.6}% 13
\BOOKMARK [1][-]{section.6.2}{CLion}{chapter.6}% 14
\BOOKMARK [1][-]{section.6.3}{Roslyn}{chapter.6}% 15
\BOOKMARK [1][-]{section.6.4}{Esprima}{chapter.6}% 16
\BOOKMARK [1][-]{section.6.5}{Nashorn}{chapter.6}% 17
\BOOKMARK [1][-]{section.6.6}{Chrome V8}{chapter.6}% 18
\BOOKMARK [1][-]{section.6.7}{SpiderMonkey}{chapter.6}% 19
\BOOKMARK [1][-]{section.6.8}{Rhino}{chapter.6}% 20
\BOOKMARK [0][-]{chapter.7}{Generatorji razclenjevalnikov}{}% 21
\BOOKMARK [1][-]{section.7.1}{Antlr}{chapter.7}% 22
\BOOKMARK [2][-]{subsection.7.1.1}{Programski jeziki}{section.7.1}% 23
\BOOKMARK [2][-]{subsection.7.1.2}{Gramatika}{section.7.1}% 24
\BOOKMARK [2][-]{subsection.7.1.3}{ALL\(*\)}{section.7.1}% 25
\BOOKMARK [2][-]{subsection.7.1.4}{Pred-LL\(k\)}{section.7.1}% 26
\BOOKMARK [1][-]{section.7.2}{Yacc}{chapter.7}% 27
\BOOKMARK [1][-]{section.7.3}{GNU Bison}{chapter.7}% 28
\BOOKMARK [1][-]{section.7.4}{JavaCC}{chapter.7}% 29
\BOOKMARK [0][-]{chapter.8}{Sklepne ugotovitve}{}% 30
